<?xml version="1.0" encoding="UTF-8"?>
<!-- Generated by org.testng.reporters.JUnitReportReporter -->
<testsuite hostname="Windows11" failures="0" tests="5" name="testCases.verifyMultipleCredentialsTest" time="22.149" errors="0" timestamp="2023-11-07T15:01:24 IST" skipped="0">
  <testcase classname="testCases.verifyMultipleCredentialsTest" name="loginToApplicationWithMultipleDataTest" time="3.530"/>
  <system-out>
    <![CDATA[Url after Login https://www.saucedemo.com/inventory.html]]>
  </system-out>
  <testcase classname="testCases.verifyMultipleCredentialsTest" name="loginToApplicationWithMultipleDataTest" time="8.334"/>
  <system-out>
    <![CDATA[Url after Login https://www.saucedemo.com/inventory.html]]>
  </system-out>
  <testcase classname="testCases.verifyMultipleCredentialsTest" name="loginToApplicationWithMultipleDataTest" time="3.309"/>
  <system-out>
    <![CDATA[Url after Login https://www.saucedemo.com/inventory.html]]>
  </system-out>
  <testcase classname="testCases.verifyMultipleCredentialsTest" name="loginToApplicationWithMultipleDataTest" time="3.668"/>
  <system-out>
    <![CDATA[Url after Login https://www.saucedemo.com/inventory.html]]>
  </system-out>
  <testcase classname="testCases.verifyMultipleCredentialsTest" name="loginToApplicationWithMultipleDataTest" time="3.308"/>
  <system-out>
    <![CDATA[Url after Login https://www.saucedemo.com/inventory.html]]>
  </system-out>
</testsuite> <!-- testCases.verifyMultipleCredentialsTest -->
