<?xml version="1.0" encoding="UTF-8"?>
<!-- Generated by org.testng.reporters.JUnitReportReporter -->
<testsuite hostname="Windows11" failures="0" tests="6" name="testCases.CheckoutCompleteTest" time="26.223" errors="0" timestamp="2023-11-07T15:01:24 IST" skipped="0">
  <testcase classname="testCases.CheckoutCompleteTest" name="verifyURLofcheckoutCompletePageTest" time="4.561"/>
  <system-out>
    <![CDATA[url after click finish =https://www.saucedemo.com/checkout-complete.html]]>
  </system-out>
  <testcase classname="testCases.CheckoutCompleteTest" name="verifythankYouMsgTextTest" time="4.182"/>
  <system-out>
    <![CDATA[Thank You msg text =Thank you for your order!]]>
  </system-out>
  <testcase classname="testCases.CheckoutCompleteTest" name="verifycheckoutCompletePageTitle" time="4.646"/>
  <system-out>
    <![CDATA[title of checkout complete =Checkout: Complete!]]>
  </system-out>
  <testcase classname="testCases.CheckoutCompleteTest" name="verifyconfirmImgTest" time="4.268"/>
  <system-out>
    <![CDATA[Visiability of confirm Image =true]]>
  </system-out>
  <testcase classname="testCases.CheckoutCompleteTest" name="clickbackHomeBtnTest" time="4.327"/>
  <system-out>
    <![CDATA[url after click back to home =https://www.saucedemo.com/inventory.html]]>
  </system-out>
  <testcase classname="testCases.CheckoutCompleteTest" name="verifyorderDispatchedTextTest" time="4.239"/>
  <system-out>
    <![CDATA[Order dispatched msg text =Your order has been dispatched, and will arrive just as fast as the pony can get there!]]>
  </system-out>
</testsuite> <!-- testCases.CheckoutCompleteTest -->
