<?xml version="1.0" encoding="UTF-8"?>
<!-- Generated by org.testng.reporters.JUnitReportReporter -->
<testsuite hostname="Windows11" failures="0" tests="18" name="testCases.InventoryPageTest" time="63.530" errors="0" timestamp="2023-11-07T15:01:24 IST" skipped="0">
  <testcase classname="testCases.InventoryPageTest" name="verifyAddToCartBtn6Test" time="3.362"/>
  <system-out/>
  <testcase classname="testCases.InventoryPageTest" name="verifyAddToCartBtn5Test" time="3.376"/>
  <system-out/>
  <testcase classname="testCases.InventoryPageTest" name="burgerMenuBtnTest" time="3.210"/>
  <system-out/>
  <testcase classname="testCases.InventoryPageTest" name="remove2ProductTest" time="7.729"/>
  <system-out>
    <![CDATA[Total count in cart after removing 2 product =4]]>
  </system-out>
  <testcase classname="testCases.InventoryPageTest" name="verifyProductLableTest" time="3.120"/>
  <system-out>
    <![CDATA[Application Lable =Products]]>
  </system-out>
  <testcase classname="testCases.InventoryPageTest" name="verifyAddToCartBtn2Test" time="3.341"/>
  <system-out/>
  <testcase classname="testCases.InventoryPageTest" name="verifyAddToCartBtn3Test" time="3.210"/>
  <system-out/>
  <testcase classname="testCases.InventoryPageTest" name="verifyProductSortBtnTest" time="3.190"/>
  <system-out/>
  <testcase classname="testCases.InventoryPageTest" name="vedrifyProductCartLinkTest" time="3.322"/>
  <system-out/>
  <testcase classname="testCases.InventoryPageTest" name="verifyfacebookLogoTest" time="3.311"/>
  <system-out>
    <![CDATA[Visibility of Facebook logo =true]]>
  </system-out>
  <testcase classname="testCases.InventoryPageTest" name="add6ProductTest" time="3.645"/>
  <system-out>
    <![CDATA[Total Product added in Shopping Cart= 6]]>
  </system-out>
  <testcase classname="testCases.InventoryPageTest" name="verifylinkedInLogoTest" time="3.273"/>
  <system-out>
    <![CDATA[Visibility of linkedin logo =true]]>
  </system-out>
  <testcase classname="testCases.InventoryPageTest" name="verifyAddToCartBtn4Test" time="3.299"/>
  <system-out/>
  <testcase classname="testCases.InventoryPageTest" name="verifyAppLogoTest" time="3.313"/>
  <system-out>
    <![CDATA[Visiability of app logo =true]]>
  </system-out>
  <testcase classname="testCases.InventoryPageTest" name="verifyFooterTest" time="3.308"/>
  <system-out/>
  <testcase classname="testCases.InventoryPageTest" name="verifyinventoryPageUrlTest" time="3.004"/>
  <system-out>
    <![CDATA[url of inventory pagehttps://www.saucedemo.com/inventory.html]]>
  </system-out>
  <testcase classname="testCases.InventoryPageTest" name="verifyAddToCartBtn1Test" time="3.374"/>
  <system-out/>
  <testcase classname="testCases.InventoryPageTest" name="verifyTwitterLogoTest" time="3.143"/>
  <system-out>
    <![CDATA[Visibility of Twitter LOgo =true]]>
  </system-out>
</testsuite> <!-- testCases.InventoryPageTest -->
