<?xml version="1.0" encoding="UTF-8"?>
<!-- Generated by org.testng.reporters.JUnitReportReporter -->
<testsuite hostname="Windows11" failures="0" tests="6" name="testCases.CartPageTest" time="32.083" errors="0" timestamp="2023-11-07T15:01:24 IST" skipped="0">
  <testcase classname="testCases.CartPageTest" name="verifyQtyTextTest" time="8.718"/>
  <system-out>
    <![CDATA[Text of qty =QTY]]>
  </system-out>
  <testcase classname="testCases.CartPageTest" name="clickCheckOutBtnTest" time="4.126"/>
  <system-out>
    <![CDATA[Url after click on checkout button=https://www.saucedemo.com/checkout-step-one.html]]>
  </system-out>
  <testcase classname="testCases.CartPageTest" name="clickContinueShoppingBtnTest" time="7.172"/>
  <system-out>
    <![CDATA[Url after click on continue shopping button=https://www.saucedemo.com/inventory.html]]>
  </system-out>
  <testcase classname="testCases.CartPageTest" name="verifyURLofCartPageTest" time="4.103"/>
  <system-out>
    <![CDATA[URL of cart page =https://www.saucedemo.com/cart.html]]>
  </system-out>
  <testcase classname="testCases.CartPageTest" name="verifytitleOfCartPageTest" time="4.147"/>
  <system-out>
    <![CDATA[Title of cart page =Your Cart]]>
  </system-out>
  <testcase classname="testCases.CartPageTest" name="verifyDescriptionTextTest" time="3.817"/>
  <system-out>
    <![CDATA[Text of Description =Description]]>
  </system-out>
</testsuite> <!-- testCases.CartPageTest -->
