<?xml version="1.0" encoding="UTF-8"?>
<!-- Generated by org.testng.reporters.JUnitReportReporter -->
<testsuite hostname="Windows11" failures="0" tests="7" name="testCases.CheckoutPage2Test" time="105.768" errors="0" timestamp="2023-11-07T15:01:24 IST" skipped="0">
  <testcase classname="testCases.CheckoutPage2Test" name="verifyUrlofCheckoutPage2Test" time="51.855"/>
  <system-out>
    <![CDATA[Url Of checkout page 2=https://www.saucedemo.com/checkout-step-two.html]]>
  </system-out>
  <testcase classname="testCases.CheckoutPage2Test" name="clickfinishBtnTest" time="10.278"/>
  <system-out>
    <![CDATA[url after click finish =https://www.saucedemo.com/checkout-complete.html]]>
  </system-out>
  <testcase classname="testCases.CheckoutPage2Test" name="verifypriceTotalTextTest" time="8.653"/>
  <system-out>
    <![CDATA[Price Total text =Price Total]]>
  </system-out>
  <testcase classname="testCases.CheckoutPage2Test" name="verifyshoppingInformationTextTest" time="6.462"/>
  <system-out>
    <![CDATA[Shipping Information text =Shipping Information]]>
  </system-out>
  <testcase classname="testCases.CheckoutPage2Test" name="clickcancelBtnTest" time="10.642"/>
  <system-out>
    <![CDATA[url after click cancel =https://www.saucedemo.com/inventory.html]]>
  </system-out>
  <testcase classname="testCases.CheckoutPage2Test" name="verifypaymentInformationTextTest" time="9.740"/>
  <system-out>
    <![CDATA[Payment information text =Payment Information]]>
  </system-out>
  <testcase classname="testCases.CheckoutPage2Test" name="verifycheckOutPage1TitleTest" time="8.138"/>
  <system-out>
    <![CDATA[title of checkout page 2 =Checkout: Overview]]>
  </system-out>
</testsuite> <!-- testCases.CheckoutPage2Test -->
